<?xml version="1.0" encoding="UTF-8"?>
<robot generator="Robot 7.3.2 (Python 3.13.5 on win32)" generated="2025-10-22T20:27:04.758852" rpa="false" schemaversion="5">
<suite id="s1" name="Assignment-2" source="C:\Users\alka0624\kbtu\Testing\assignment-2">
<suite id="s1-s1" name="testCases" source="C:\Users\alka0624\kbtu\Testing\assignment-2\testCases">
<suite id="s1-s1-s1" name="Test" source="C:\Users\alka0624\kbtu\Testing\assignment-2\testCases\test.robot">
<test id="s1-s1-s1-t1" name="LOG_OUT_TEST" line="19">
<kw name="Log in" owner="resources">
<kw name="Open Browser" owner="SeleniumLibrary">
<msg time="2025-10-22T20:27:05.171376" level="INFO">Opening browser 'Chrome' to base url 'https://www.demoblaze.com/'.</msg>
<arg>${baseUrl}</arg>
<arg>Chrome</arg>
<doc>Opens a new browser instance to the optional ``url``.</doc>
<status status="PASS" start="2025-10-22T20:27:05.170475" elapsed="2.939370"/>
</kw>
<kw name="Wait Until Page Contains Element" owner="SeleniumLibrary">
<arg>${logInButton}</arg>
<arg>timeout=80</arg>
<arg>error=logInButtonNotFound</arg>
<doc>Waits until the element ``locator`` appears on the current page.</doc>
<status status="PASS" start="2025-10-22T20:27:08.110469" elapsed="0.049054"/>
</kw>
<kw name="Sleep" owner="BuiltIn">
<msg time="2025-10-22T20:27:09.161710" level="INFO">Slept 1 second.</msg>
<arg>1s</arg>
<doc>Pauses the test executed for the given time.</doc>
<status status="PASS" start="2025-10-22T20:27:08.160174" elapsed="1.002584"/>
</kw>
<kw name="Click Element" owner="SeleniumLibrary">
<msg time="2025-10-22T20:27:09.164315" level="INFO">Clicking element '//*[@id="login2"]'.</msg>
<arg>${logInButton}</arg>
<doc>Click the element identified by ``locator``.</doc>
<status status="PASS" start="2025-10-22T20:27:09.163300" elapsed="0.171872"/>
</kw>
<kw name="Wait Until Page Contains Element" owner="SeleniumLibrary">
<arg>${loginUsernameField}</arg>
<arg>timeout=80</arg>
<arg>error=logInButtonNotFound</arg>
<doc>Waits until the element ``locator`` appears on the current page.</doc>
<status status="PASS" start="2025-10-22T20:27:09.335698" elapsed="0.022511"/>
</kw>
<kw name="Sleep" owner="BuiltIn">
<msg time="2025-10-22T20:27:10.359797" level="INFO">Slept 1 second.</msg>
<arg>1s</arg>
<doc>Pauses the test executed for the given time.</doc>
<status status="PASS" start="2025-10-22T20:27:09.358669" elapsed="1.001483"/>
</kw>
<kw name="Input Text" owner="SeleniumLibrary">
<msg time="2025-10-22T20:27:10.360990" level="INFO">Typing text 'altair' into text field '//*[@id="loginusername"]'.</msg>
<arg>${loginUsernameField}</arg>
<arg>${login}</arg>
<doc>Types the given ``text`` into the text field identified by ``locator``.</doc>
<status status="PASS" start="2025-10-22T20:27:10.360364" elapsed="0.172788"/>
</kw>
<kw name="Input Password" owner="SeleniumLibrary">
<msg time="2025-10-22T20:27:10.534264" level="INFO">Typing password into text field '//*[@id="loginpassword"]'.</msg>
<msg time="2025-10-22T20:27:10.614532" level="INFO">Temporally setting log level to: NONE</msg>
<arg>${loginPasswordField}</arg>
<arg>${password}</arg>
<doc>Types the given password into the text field identified by ``locator``.</doc>
<status status="PASS" start="2025-10-22T20:27:10.533532" elapsed="0.157935"/>
</kw>
<kw name="Sleep" owner="BuiltIn">
<msg time="2025-10-22T20:27:11.692993" level="INFO">Slept 1 second.</msg>
<arg>1s</arg>
<doc>Pauses the test executed for the given time.</doc>
<status status="PASS" start="2025-10-22T20:27:10.692092" elapsed="1.001618"/>
</kw>
<kw name="Click Element" owner="SeleniumLibrary">
<msg time="2025-10-22T20:27:11.694663" level="INFO">Clicking element '//*[@id="logInModal"]/div/div/div[3]/button[2]'.</msg>
<arg>${logInFormButton}</arg>
<doc>Click the element identified by ``locator``.</doc>
<status status="PASS" start="2025-10-22T20:27:11.694021" elapsed="0.092993"/>
</kw>
<kw name="Sleep" owner="BuiltIn">
<msg time="2025-10-22T20:27:13.788675" level="INFO">Slept 2 seconds.</msg>
<arg>2s</arg>
<doc>Pauses the test executed for the given time.</doc>
<status status="PASS" start="2025-10-22T20:27:11.787435" elapsed="2.002055"/>
</kw>
<status status="PASS" start="2025-10-22T20:27:05.168516" elapsed="8.621380"/>
</kw>
<kw name="Log out" owner="resources">
<kw name="Wait Until Page Contains Element" owner="SeleniumLibrary">
<arg>${logOutButton}</arg>
<arg>timeout=80</arg>
<arg>error=logOutButtonNotFound</arg>
<doc>Waits until the element ``locator`` appears on the current page.</doc>
<status status="PASS" start="2025-10-22T20:27:13.791456" elapsed="0.018582"/>
</kw>
<kw name="Sleep" owner="BuiltIn">
<msg time="2025-10-22T20:27:14.811449" level="INFO">Slept 1 second.</msg>
<arg>1s</arg>
<doc>Pauses the test executed for the given time.</doc>
<status status="PASS" start="2025-10-22T20:27:13.810455" elapsed="1.001402"/>
</kw>
<kw name="Click Element" owner="SeleniumLibrary">
<msg time="2025-10-22T20:27:14.812770" level="INFO">Clicking element '//*[@id="logout2"]'.</msg>
<arg>${logOutButton}</arg>
<doc>Click the element identified by ``locator``.</doc>
<status status="PASS" start="2025-10-22T20:27:14.812127" elapsed="0.073546"/>
</kw>
<kw name="Sleep" owner="BuiltIn">
<msg time="2025-10-22T20:27:16.886828" level="INFO">Slept 2 seconds.</msg>
<arg>2s</arg>
<doc>Pauses the test executed for the given time.</doc>
<status status="PASS" start="2025-10-22T20:27:14.885987" elapsed="2.001189"/>
</kw>
<status status="PASS" start="2025-10-22T20:27:13.790484" elapsed="3.096863"/>
</kw>
<status status="PASS" start="2025-10-22T20:27:05.164211" elapsed="11.723292"/>
</test>
<kw name="Close Browser" owner="resources" type="TEARDOWN">
<kw name="Close All Browsers" owner="SeleniumLibrary">
<doc>Closes all open browsers and resets the browser cache.</doc>
<status status="PASS" start="2025-10-22T20:27:16.891985" elapsed="2.303771"/>
</kw>
<status status="PASS" start="2025-10-22T20:27:16.891362" elapsed="2.304724"/>
</kw>
<status status="PASS" start="2025-10-22T20:27:04.809786" elapsed="14.386430"/>
</suite>
<status status="PASS" start="2025-10-22T20:27:04.805745" elapsed="14.395104"/>
</suite>
<status status="PASS" start="2025-10-22T20:27:04.768523" elapsed="14.435756"/>
</suite>
<statistics>
<total>
<stat pass="1" fail="0" skip="0">All Tests</stat>
</total>
<tag>
</tag>
<suite>
<stat name="Assignment-2" id="s1" pass="1" fail="0" skip="0">Assignment-2</stat>
<stat name="testCases" id="s1-s1" pass="1" fail="0" skip="0">Assignment-2.testCases</stat>
<stat name="Test" id="s1-s1-s1" pass="1" fail="0" skip="0">Assignment-2.testCases.Test</stat>
</suite>
</statistics>
<errors>
</errors>
</robot>
